<?xml version="1.0" encoding="UTF-8"?>
<!-- Generated by org.testng.reporters.JUnitReportReporter -->
<testsuite skipped="0" hostname="LAPTOP-76KV8DF9" name="NewTest" tests="1" failures="0" timestamp="09 Dec 2018 09:09:57 GMT" time="8.191" errors="0">
  <testcase name="test01" time="8.191" classname="NewTest"/>
</testsuite> <!-- NewTest -->
