<?xml version="1.0" encoding="UTF-8"?>
<!-- Generated by org.testng.reporters.JUnitReportReporter -->
<testsuite skipped="0" hostname="LAPTOP-76KV8DF9" name="NewTest" tests="1" failures="0" timestamp="07 Dec 2018 09:30:58 GMT" time="0.006" errors="0">
  <testcase name="test01" time="0.006" classname="NewTest"/>
</testsuite> <!-- NewTest -->
