<?xml version="1.0" encoding="UTF-8"?>
<!-- Generated by org.testng.reporters.JUnitReportReporter -->
<testsuite skipped="0" hostname="LAPTOP-76KV8DF9" name="NewTest" tests="1" failures="0" timestamp="09 Dec 2018 12:54:51 GMT" time="6.194" errors="0">
  <testcase name="test01" time="6.194" classname="NewTest"/>
</testsuite> <!-- NewTest -->
